


materialPath: C:\Program Files (x86)\Steam\steamapps\common\Counter-Strike Global Offensive\csgo\materials
Loading c:\program files (x86)\steam\steamapps\common\counter-strike global offensive\sdk_content\maps\de_gust.vmf
Map revision 963
Patching WVT material: maps/de_gust/de_dust/hr_dust/hr_dust_cinderblock_02_wvt_patch
Patching WVT material: maps/de_gust/de_dust/hr_dust/hr_dust_blend_rollupdoor_metal_02_wvt_patch
Patching WVT material: maps/de_gust/de_dust/hr_dust/hr_dust_blend_rollupdoor_metal_03_blue_wvt_patch
Patching WVT material: maps/de_gust/dev/dev_blendmeasure2_wvt_patch
Patching WVT material: maps/de_gust/dev/dev_blendmeasure_wvt_patch
Patching WVT material: maps/de_gust/de_dust/hr_dust/hr_dust_blend_mudbrick02-plaster01_wvt_patch
Patching WVT material: maps/de_gust/de_dust/hr_dust/hr_dust_blend_plaster02-plaster02dirty_wvt_patch
Patching WVT material: maps/de_gust/de_dust/hr_dust/hr_dust_blend_floortile_03_wvt_patch
Patching WVT material: maps/de_gust/de_dust/hr_dust/hr_dust_blend_plaster01_rough01_wvt_patch
Patching WVT material: maps/de_gust/de_dust/hr_dust/hr_dust_blend_rollupdoor_metal_02_red_wvt_patch
Patching WVT material: maps/de_gust/de_dust/hr_dust/hr_dust_blend_floortile_01_wvt_patch
Patching WVT material: maps/de_gust/de_dust/hr_dust/hr_dust_plaster_06_wvt_patch
Patching WVT material: maps/de_gust/de_dust/hr_dust/hr_dust_sand_02_wvt_patch
Patching WVT material: maps/de_gust/de_dust/hr_dust/hr_dust_blend_rollupdoor_metal_01_wvt_patch
Patching WVT material: maps/de_gust/de_dust/hr_dust/hr_dust_stone_ground_01_wvt_patch
Patching WVT material: maps/de_gust/de_dust/hr_dust/hr_dust_blend_brick01-plaster01_b_wvt_patch
Patching WVT material: maps/de_gust/dust_massive/blend_concrete_wall_01_wvt_patch
Patching WVT material: maps/de_gust/de_dust/hr_dust/hr_dust_blend_mudbrick01-plaster01_wvt_patch
Patching WVT material: maps/de_gust/hr_massive/town_plaster_3_blend_1_wvt_patch
Patching WVT material: maps/de_gust/de_mirage/base/de_mirage_base_ver1_blend_wvt_patch
fixing up env_cubemap materials on brush sides...
0...1...2...3...4...5...6...7...8...9...100...1...2...3...4...5...6...7...8...9...10Processing areas...done (0)
Building Faces...done (0)
Chop Details...done (0)
Find Visible Detail Sides...
Merged 246 detail faces...done (1)
Merging details...done (0)
FixTjuncs...
PruneNodes...
WriteBSP...
NODRAW on terrain surface!
NODRAW on terrain surface!
NODRAW on terrain surface!
NODRAW on terrain surface!
NODRAW on terrain surface!
NODRAW on terrain surface!
NODRAW on terrain surface!
NODRAW on terrain surface!
NODRAW on terrain surface!
NODRAW on terrain surface!
done (0)
writing c:\program files (x86)\steam\steamapps\common\counter-strike global offensive\sdk_content\maps\de_gust.prt...Building visibility clusters...
AutoVisClustering (threshold=-1) matched 0 leafs.
done (0)
Finding displacement neighbors...
Found a displacement edge abutting multiple other edges.
Finding lightmap sample positions...
Displacement Alpha : 0...1...2...3...4...5...6...7...8...9...10
Building Physics collision data...
done (1) (717657 bytes)
Static prop models/props/de_dust/hr_dust/dust_trims/dust_stairs002_32.mdl outside the map (-874.96, 772.19, 137.25)
Static prop models/props/de_dust/hr_dust/dust_curbs_001/dust_curbs_001_curve_10.mdl outside the map (-146.74, -1170.41, -127.75)
Placing detail props : 0...1...2...3...4...5...6...7...8...9...10
Water found with no water_lod_control entity, creating a default one.
Compacting texture/material tables...
Reduced 3856 texinfos to 2466
Reduced 182 texdatas to 148 (7916 bytes to 6325)
Writing c:\program files (x86)\steam\steamapps\common\counter-strike global offensive\sdk_content\maps\de_gust.bsp
MSG_FILEWRITE - Filesystem was asked to write to 'c:\program files (x86)\steam\steamapps\common\counter-strike global offensive\sdk_content\maps\de_gust.bsp', but we don't own that location. Allowing...
5 seconds elapsed



8 threads
reading c:\program files (x86)\steam\steamapps\common\counter-strike global offensive\sdk_content\maps\de_gust.bsp
reading c:\program files (x86)\steam\steamapps\common\counter-strike global offensive\sdk_content\maps\de_gust.prt
2201 portalclusters
7339 numportals
0...1...2...3...4...5...6...7...8...9...10Optimized: 300176 visible clusters (0.00%)
Total clusters visible: 3305599
Average clusters visible: 1501
Building PAS...
Average clusters audible: 2196
visdatasize:1168512  compressed from 1232560
writing c:\program files (x86)\steam\steamapps\common\counter-strike global offensive\sdk_content\maps\de_gust.bsp
MSG_FILEWRITE - Filesystem was asked to write to 'c:\program files (x86)\steam\steamapps\common\counter-strike global offensive\sdk_content\maps\de_gust.bsp', but we don't own that location. Allowing...
1 second elapsed



[Reading texlights from 'lights.rad']
[40 texlights parsed from 'lights.rad']

Loading c:\program files (x86)\steam\steamapps\common\counter-strike global offensive\sdk_content\maps\de_gust.bsp
7754 faces
6 degenerate faces
1184974 square feet [170636368.00 square inches]
880 Displacements
180220 Square Feet [25951702.00 Square Inches]
7748 patches before subdivision
81838 patches after subdivision
37 direct lights
0...1...2...3...4...5...6...7...8...9...100...1...2...3...4...5...6...7...8...9...10transfers 5893652, max 1705
transfer lists:  45.0 megs
0...1...2...3...4...5...6...7...8...9...10	Bounce #1 added RGB(316875, 309940, 296492)
0...1...2...3...4...5...6...7...8...9...10	Bounce #2 added RGB(67324, 56641, 44225)
Build Patch/Sample Hash Table(s).....Done<0.0179 sec>
0...1...2...3...4...5...6...7...8...9...10FinalLightFace Done
0 of 18 (0% of) surface lights went in leaf ambient cubes.
0...1...2...3...4...5...6...7...8...9...10Writing leaf ambient...done
Computing static prop lighting : 00...1...2...3...4...5...6...7...8...9...10
Ready to Finish

Object names       Objects/Maxobjs  Memory / Maxmem  Fullness 
------------       ---------------  ---------------  -------- 
models                   5/1024          240/49152    ( 0.5%) 
brushes               1995/8192        23940/98304    (24.4%) 
brushsides           14536/81920      116288/655360   (17.7%) 
planes                6722/65536      134440/1310720  (10.3%) 
vertexes             15204/65536      182448/786432   (23.2%) 
nodes                 4350/65536      139200/2097152  ( 6.6%) 
texinfos              2466/12288      177552/884736   (20.1%) 
texdata                148/4096         4736/131072   ( 3.6%) 
dispinfos              880/0          154880/0        ( 0.0%) 
disp_verts           53384/0         1067680/0        ( 0.0%) 
disp_tris            82784/0          165568/0        ( 0.0%) 
disp_multiblend          0/0               0/0        ( 0.0%) 
disp_lmsamples      639226/0          639226/0        ( 0.0%) 
faces                 7754/65536      434224/3670016  (11.8%) 
hdr faces                0/65536           0/3670016  ( 0.0%) 
origfaces             5509/65536      308504/3670016  ( 8.4%) 
facebrushes           1563/0            3126/0        ( 0.0%) 
facebrushlists        7754/0           31016/0        ( 0.0%) 
leaves                4356/65536      139392/2097152  ( 6.6%) 
leaffaces             8210/65536       16420/131072   (12.5%) 
leafbrushes           3920/65536        7840/131072   ( 6.0%) 
areas                    2/1024           16/8192     ( 0.2%) 
surfedges            61291/512000     245164/2048000  (12.0%) 
edges                40999/256000     163996/1024000  (16.0%) 
LDR worldlights         37/8192         3700/819200   ( 0.5%) 
HDR worldlights          0/8192            0/819200   ( 0.0%) 
leafwaterdata            3/32768          36/393216   ( 0.0%) 
waterstrips           1211/32768       12110/327680   ( 3.7%) 
waterverts               0/65536           0/786432   ( 0.0%) 
waterindices         25365/65536       50730/131072   (38.7%) 
cubemapsamples           7/1024          112/16384    ( 0.7%) 
overlays                67/1024        23584/360448   ( 6.5%) 
LDR lightdata         [variable]     7066472/0        ( 0.0%) 
HDR lightdata         [variable]           0/0        ( 0.0%) 
visdata               [variable]     1168512/16777216 ( 7.0%) 
entdata               [variable]       13736/393216   ( 3.5%) 
LDR ambient table     4356/65536       17424/262144   ( 6.6%) 
HDR ambient table     4356/65536       17424/262144   ( 6.6%) 
LDR leaf ambient     23658/65536      662424/1835008  (36.1%) 
HDR leaf ambient      4356/65536      121968/1835008  ( 6.6%) 
occluders                0/0               0/0        ( 0.0%) 
occluder polygons        0/0               0/0        ( 0.0%) 
occluder vert ind        0/0               0/0        ( 0.0%) 
detail props          [variable]           1/12       ( 8.3%) 
static props          [variable]           1/220024   ( 0.0%) 
pakfile               [variable]    25390339/0        ( 0.0%) 
physics               [variable]      717657/4194304  (17.1%) 
physics terrain       [variable]       67498/1048576  ( 6.4%) 

Level flags = 7d

Total triangle count: 23817
Writing c:\program files (x86)\steam\steamapps\common\counter-strike global offensive\sdk_content\maps\de_gust.bsp
MSG_FILEWRITE - Filesystem was asked to write to 'c:\program files (x86)\steam\steamapps\common\counter-strike global offensive\sdk_content\maps\de_gust.bsp', but we don't own that location. Allowing...
6 minutes, 16 seconds elapsed



materialPath: C:\Program Files (x86)\Steam\steamapps\common\Counter-Strike Global Offensive\csgo\materials
Loading c:\program files (x86)\steam\steamapps\common\counter-strike global offensive\sdk_content\maps\de_gust.vmf
Map revision 971
Patching WVT material: maps/de_gust/de_dust/hr_dust/hr_dust_cinderblock_02_wvt_patch
Patching WVT material: maps/de_gust/de_dust/hr_dust/hr_dust_blend_rollupdoor_metal_02_wvt_patch
Patching WVT material: maps/de_gust/de_dust/hr_dust/hr_dust_blend_rollupdoor_metal_03_blue_wvt_patch
Patching WVT material: maps/de_gust/dev/dev_blendmeasure2_wvt_patch
Patching WVT material: maps/de_gust/dev/dev_blendmeasure_wvt_patch
Patching WVT material: maps/de_gust/de_dust/hr_dust/hr_dust_blend_mudbrick02-plaster01_wvt_patch
Patching WVT material: maps/de_gust/de_dust/hr_dust/hr_dust_blend_plaster02-plaster02dirty_wvt_patch
Patching WVT material: maps/de_gust/de_dust/hr_dust/hr_dust_blend_floortile_03_wvt_patch
Patching WVT material: maps/de_gust/de_dust/hr_dust/hr_dust_blend_plaster01_rough01_wvt_patch
Patching WVT material: maps/de_gust/de_dust/hr_dust/hr_dust_blend_rollupdoor_metal_02_red_wvt_patch
Patching WVT material: maps/de_gust/de_dust/hr_dust/hr_dust_blend_floortile_01_wvt_patch
Patching WVT material: maps/de_gust/de_dust/hr_dust/hr_dust_plaster_06_wvt_patch
Patching WVT material: maps/de_gust/de_dust/hr_dust/hr_dust_sand_02_wvt_patch
Patching WVT material: maps/de_gust/de_dust/hr_dust/hr_dust_blend_rollupdoor_metal_01_wvt_patch
Patching WVT material: maps/de_gust/de_dust/hr_dust/hr_dust_stone_ground_01_wvt_patch
Patching WVT material: maps/de_gust/de_dust/hr_dust/hr_dust_blend_brick01-plaster01_b_wvt_patch
Patching WVT material: maps/de_gust/dust_massive/blend_concrete_wall_01_wvt_patch
Patching WVT material: maps/de_gust/de_dust/hr_dust/hr_dust_blend_mudbrick01-plaster01_wvt_patch
Patching WVT material: maps/de_gust/hr_massive/town_plaster_3_blend_1_wvt_patch
Patching WVT material: maps/de_gust/de_mirage/base/de_mirage_base_ver1_blend_wvt_patch
fixing up env_cubemap materials on brush sides...
0...1...2...3...4...5...6...7...8...9...100...1...2...3...4...5...6...7...8...9...10Processing areas...done (0)
Building Faces...done (0)
Chop Details...done (0)
Find Visible Detail Sides...
Merged 246 detail faces...done (1)
Merging details...done (0)
FixTjuncs...
PruneNodes...
WriteBSP...
NODRAW on terrain surface!
NODRAW on terrain surface!
NODRAW on terrain surface!
NODRAW on terrain surface!
NODRAW on terrain surface!
NODRAW on terrain surface!
NODRAW on terrain surface!
NODRAW on terrain surface!
NODRAW on terrain surface!
NODRAW on terrain surface!
done (0)
writing c:\program files (x86)\steam\steamapps\common\counter-strike global offensive\sdk_content\maps\de_gust.prt...Building visibility clusters...
AutoVisClustering (threshold=-1) matched 0 leafs.
done (0)
Finding displacement neighbors...
Found a displacement edge abutting multiple other edges.
Finding lightmap sample positions...
Displacement Alpha : 0...1...2...3...4...5...6...7...8...9...10
Building Physics collision data...
done (1) (730505 bytes)
Static prop models/props/de_dust/hr_dust/dust_trims/dust_stairs002_32.mdl outside the map (-874.96, 772.19, 137.25)
Static prop models/props/de_dust/hr_dust/dust_curbs_001/dust_curbs_001_curve_10.mdl outside the map (-146.74, -1170.41, -127.75)
Placing detail props : 0...1...2...3...4...5...6...7...8...9...10
Water found with no water_lod_control entity, creating a default one.
Compacting texture/material tables...
Reduced 3942 texinfos to 2519
Reduced 183 texdatas to 149 (7967 bytes to 6376)
Writing c:\program files (x86)\steam\steamapps\common\counter-strike global offensive\sdk_content\maps\de_gust.bsp
MSG_FILEWRITE - Filesystem was asked to write to 'c:\program files (x86)\steam\steamapps\common\counter-strike global offensive\sdk_content\maps\de_gust.bsp', but we don't own that location. Allowing...
4 seconds elapsed



8 threads
reading c:\program files (x86)\steam\steamapps\common\counter-strike global offensive\sdk_content\maps\de_gust.bsp
reading c:\program files (x86)\steam\steamapps\common\counter-strike global offensive\sdk_content\maps\de_gust.prt
2239 portalclusters
7429 numportals
0...1...2...3...4...5...6...7...8...9...10Optimized: 312173 visible clusters (0.00%)
Total clusters visible: 3434884
Average clusters visible: 1534
Building PAS...
Average clusters audible: 2234
visdatasize:1204255  compressed from 1253840
writing c:\program files (x86)\steam\steamapps\common\counter-strike global offensive\sdk_content\maps\de_gust.bsp
MSG_FILEWRITE - Filesystem was asked to write to 'c:\program files (x86)\steam\steamapps\common\counter-strike global offensive\sdk_content\maps\de_gust.bsp', but we don't own that location. Allowing...
1 second elapsed



[Reading texlights from 'lights.rad']
[40 texlights parsed from 'lights.rad']

Loading c:\program files (x86)\steam\steamapps\common\counter-strike global offensive\sdk_content\maps\de_gust.bsp
7893 faces
6 degenerate faces
1185373 square feet [170693808.00 square inches]
878 Displacements
179142 Square Feet [25796494.00 Square Inches]
7887 patches before subdivision
82411 patches after subdivision
37 direct lights
0...1...2...3...4...5...6...7...8...9...100...1...2...3...4...5...6...7...8...9...10transfers 6014901, max 1737
transfer lists:  45.9 megs
0...1...2...3...4...5...6...7...8...9...10	Bounce #1 added RGB(320560, 313396, 299153)
0...1...2...3...4...5...6...7...8...9...10	Bounce #2 added RGB(68141, 57275, 44555)
Build Patch/Sample Hash Table(s).....Done<0.0260 sec>
0...1...2...3...4...5...6...7...8...9...10FinalLightFace Done
0 of 18 (0% of) surface lights went in leaf ambient cubes.
0...1...2...3...4...5...6...7...8...9...10Writing leaf ambient...done
Computing static prop lighting : 00...1...2...3...4...5...6...7...8...9...10
Ready to Finish

Object names       Objects/Maxobjs  Memory / Maxmem  Fullness 
------------       ---------------  ---------------  -------- 
models                   5/1024          240/49152    ( 0.5%) 
brushes               2027/8192        24324/98304    (24.7%) 
brushsides           14795/81920      118360/655360   (18.1%) 
planes                6830/65536      136600/1310720  (10.4%) 
vertexes             15382/65536      184584/786432   (23.5%) 
nodes                 4440/65536      142080/2097152  ( 6.8%) 
texinfos              2519/12288      181368/884736   (20.5%) 
texdata                149/4096         4768/131072   ( 3.6%) 
dispinfos              878/0          154528/0        ( 0.0%) 
disp_verts           53222/0         1064440/0        ( 0.0%) 
disp_tris            82528/0          165056/0        ( 0.0%) 
disp_multiblend          0/0               0/0        ( 0.0%) 
disp_lmsamples      636258/0          636258/0        ( 0.0%) 
faces                 7893/65536      442008/3670016  (12.0%) 
hdr faces                0/65536           0/3670016  ( 0.0%) 
origfaces             5590/65536      313040/3670016  ( 8.5%) 
facebrushes           1586/0            3172/0        ( 0.0%) 
facebrushlists        7893/0           31572/0        ( 0.0%) 
leaves                4446/65536      142272/2097152  ( 6.8%) 
leaffaces             8376/65536       16752/131072   (12.8%) 
leafbrushes           4045/65536        8090/131072   ( 6.2%) 
areas                    2/1024           16/8192     ( 0.2%) 
surfedges            62236/512000     248944/2048000  (12.2%) 
edges                41507/256000     166028/1024000  (16.2%) 
LDR worldlights         37/8192         3700/819200   ( 0.5%) 
HDR worldlights          0/8192            0/819200   ( 0.0%) 
leafwaterdata            3/32768          36/393216   ( 0.0%) 
waterstrips           1219/32768       12190/327680   ( 3.7%) 
waterverts               0/65536           0/786432   ( 0.0%) 
waterindices         25446/65536       50892/131072   (38.8%) 
cubemapsamples           7/1024          112/16384    ( 0.7%) 
overlays                67/1024        23584/360448   ( 6.5%) 
LDR lightdata         [variable]     7091848/0        ( 0.0%) 
HDR lightdata         [variable]           0/0        ( 0.0%) 
visdata               [variable]     1204255/16777216 ( 7.2%) 
entdata               [variable]       13736/393216   ( 3.5%) 
LDR ambient table     4446/65536       17784/262144   ( 6.8%) 
HDR ambient table     4446/65536       17784/262144   ( 6.8%) 
LDR leaf ambient     24154/65536      676312/1835008  (36.9%) 
HDR leaf ambient      4446/65536      124488/1835008  ( 6.8%) 
occluders                0/0               0/0        ( 0.0%) 
occluder polygons        0/0               0/0        ( 0.0%) 
occluder vert ind        0/0               0/0        ( 0.0%) 
detail props          [variable]           1/12       ( 8.3%) 
static props          [variable]           1/220038   ( 0.0%) 
pakfile               [variable]    25390675/0        ( 0.0%) 
physics               [variable]      730505/4194304  (17.4%) 
physics terrain       [variable]       67392/1048576  ( 6.4%) 

Level flags = 7d

Total triangle count: 24161
Writing c:\program files (x86)\steam\steamapps\common\counter-strike global offensive\sdk_content\maps\de_gust.bsp
MSG_FILEWRITE - Filesystem was asked to write to 'c:\program files (x86)\steam\steamapps\common\counter-strike global offensive\sdk_content\maps\de_gust.bsp', but we don't own that location. Allowing...
5 minutes, 48 seconds elapsed



materialPath: C:\Program Files (x86)\Steam\steamapps\common\Counter-Strike Global Offensive\csgo\materials
Loading c:\program files (x86)\steam\steamapps\common\counter-strike global offensive\sdk_content\maps\de_gust.vmf
Map revision 972
Patching WVT material: maps/de_gust/de_dust/hr_dust/hr_dust_cinderblock_02_wvt_patch
Patching WVT material: maps/de_gust/de_dust/hr_dust/hr_dust_blend_rollupdoor_metal_02_wvt_patch
Patching WVT material: maps/de_gust/de_dust/hr_dust/hr_dust_blend_rollupdoor_metal_03_blue_wvt_patch
Patching WVT material: maps/de_gust/dev/dev_blendmeasure2_wvt_patch
Patching WVT material: maps/de_gust/dev/dev_blendmeasure_wvt_patch
Patching WVT material: maps/de_gust/de_dust/hr_dust/hr_dust_blend_mudbrick02-plaster01_wvt_patch
Patching WVT material: maps/de_gust/de_dust/hr_dust/hr_dust_blend_plaster02-plaster02dirty_wvt_patch
Patching WVT material: maps/de_gust/de_dust/hr_dust/hr_dust_blend_floortile_03_wvt_patch
Patching WVT material: maps/de_gust/de_dust/hr_dust/hr_dust_blend_plaster01_rough01_wvt_patch
Patching WVT material: maps/de_gust/de_dust/hr_dust/hr_dust_blend_rollupdoor_metal_02_red_wvt_patch
Patching WVT material: maps/de_gust/de_dust/hr_dust/hr_dust_blend_floortile_01_wvt_patch
Patching WVT material: maps/de_gust/de_dust/hr_dust/hr_dust_plaster_06_wvt_patch
Patching WVT material: maps/de_gust/de_dust/hr_dust/hr_dust_sand_02_wvt_patch
Patching WVT material: maps/de_gust/de_dust/hr_dust/hr_dust_blend_rollupdoor_metal_01_wvt_patch
Patching WVT material: maps/de_gust/de_dust/hr_dust/hr_dust_stone_ground_01_wvt_patch
Patching WVT material: maps/de_gust/de_dust/hr_dust/hr_dust_blend_brick01-plaster01_b_wvt_patch
Patching WVT material: maps/de_gust/dust_massive/blend_concrete_wall_01_wvt_patch
Patching WVT material: maps/de_gust/de_dust/hr_dust/hr_dust_blend_mudbrick01-plaster01_wvt_patch
Patching WVT material: maps/de_gust/hr_massive/town_plaster_3_blend_1_wvt_patch
Patching WVT material: maps/de_gust/de_mirage/base/de_mirage_base_ver1_blend_wvt_patch
fixing up env_cubemap materials on brush sides...
0...1...2...3...4...5...6...7...8...9...100...1...2...3...4...5...6...7...8...9...10Processing areas...done (0)
Building Faces...done (0)
Chop Details...done (0)
Find Visible Detail Sides...
Merged 246 detail faces...done (0)
Merging details...done (0)
FixTjuncs...
PruneNodes...
WriteBSP...
NODRAW on terrain surface!
NODRAW on terrain surface!
NODRAW on terrain surface!
NODRAW on terrain surface!
NODRAW on terrain surface!
NODRAW on terrain surface!
NODRAW on terrain surface!
NODRAW on terrain surface!
NODRAW on terrain surface!
NODRAW on terrain surface!
done (0)
writing c:\program files (x86)\steam\steamapps\common\counter-strike global offensive\sdk_content\maps\de_gust.prt...Building visibility clusters...
AutoVisClustering (threshold=-1) matched 0 leafs.
done (0)
Finding displacement neighbors...
Found a displacement edge abutting multiple other edges.
Finding lightmap sample positions...
Displacement Alpha : 0...1...2...3...4...5...6...7...8...9...10
Building Physics collision data...
done (1) (734025 bytes)
Static prop models/props/de_dust/hr_dust/dust_trims/dust_stairs002_32.mdl outside the map (-874.96, 772.19, 137.25)
Static prop models/props/de_dust/hr_dust/dust_curbs_001/dust_curbs_001_curve_10.mdl outside the map (-146.74, -1170.41, -127.75)
Placing detail props : 0...1...2...3...4...5...6...7...8...9...10
Water found with no water_lod_control entity, creating a default one.
Compacting texture/material tables...
Reduced 3943 texinfos to 2519
Reduced 184 texdatas to 150 (8018 bytes to 6427)
Writing c:\program files (x86)\steam\steamapps\common\counter-strike global offensive\sdk_content\maps\de_gust.bsp
MSG_FILEWRITE - Filesystem was asked to write to 'c:\program files (x86)\steam\steamapps\common\counter-strike global offensive\sdk_content\maps\de_gust.bsp', but we don't own that location. Allowing...
5 seconds elapsed



8 threads
reading c:\program files (x86)\steam\steamapps\common\counter-strike global offensive\sdk_content\maps\de_gust.bsp
reading c:\program files (x86)\steam\steamapps\common\counter-strike global offensive\sdk_content\maps\de_gust.prt
2238 portalclusters
7424 numportals
0...1...2...3...4...5...6...7...8...9...10Optimized: 309023 visible clusters (0.00%)
Total clusters visible: 3438391
Average clusters visible: 1536
Building PAS...
Average clusters audible: 2233
visdatasize:1202424  compressed from 1253280
writing c:\program files (x86)\steam\steamapps\common\counter-strike global offensive\sdk_content\maps\de_gust.bsp
MSG_FILEWRITE - Filesystem was asked to write to 'c:\program files (x86)\steam\steamapps\common\counter-strike global offensive\sdk_content\maps\de_gust.bsp', but we don't own that location. Allowing...
1 second elapsed



[Reading texlights from 'lights.rad']
[40 texlights parsed from 'lights.rad']

Loading c:\program files (x86)\steam\steamapps\common\counter-strike global offensive\sdk_content\maps\de_gust.bsp
7885 faces
6 degenerate faces
1185308 square feet [170684432.00 square inches]
869 Displacements
176624 Square Feet [25433966.00 Square Inches]
7879 patches before subdivision
82287 patches after subdivision
37 direct lights
0...1...2...3...4...5...6...7...8...9...100...1...2...3...4...5...6...7...8...9...10transfers 5991151, max 1734
transfer lists:  45.7 megs
0...1...2...3...4...5...6...7...8...9...10	Bounce #1 added RGB(317514, 310615, 297752)
0...1...2...3...4...5...6...7...8...9...10	Bounce #2 added RGB(66516, 56071, 44144)
Build Patch/Sample Hash Table(s).....Done<0.0352 sec>
0...1...2...3...4...5...6...7...8...9...10FinalLightFace Done
0 of 18 (0% of) surface lights went in leaf ambient cubes.
0...1...2...3...4...5...6...7...8...9...10Writing leaf ambient...done
Computing static prop lighting : 00...1...2...3...4...5...6...7...8...9...10
Ready to Finish

Object names       Objects/Maxobjs  Memory / Maxmem  Fullness 
------------       ---------------  ---------------  -------- 
models                   5/1024          240/49152    ( 0.5%) 
brushes               2037/8192        24444/98304    (24.9%) 
brushsides           14867/81920      118936/655360   (18.1%) 
planes                6830/65536      136600/1310720  (10.4%) 
vertexes             15388/65536      184656/786432   (23.5%) 
nodes                 4446/65536      142272/2097152  ( 6.8%) 
texinfos              2519/12288      181368/884736   (20.5%) 
texdata                150/4096         4800/131072   ( 3.7%) 
dispinfos              869/0          152944/0        ( 0.0%) 
disp_verts           52997/0         1059940/0        ( 0.0%) 
disp_tris            82240/0          164480/0        ( 0.0%) 
disp_multiblend          0/0               0/0        ( 0.0%) 
disp_lmsamples      629002/0          629002/0        ( 0.0%) 
faces                 7885/65536      441560/3670016  (12.0%) 
hdr faces                0/65536           0/3670016  ( 0.0%) 
origfaces             5579/65536      312424/3670016  ( 8.5%) 
facebrushes           1576/0            3152/0        ( 0.0%) 
facebrushlists        7885/0           31540/0        ( 0.0%) 
leaves                4452/65536      142464/2097152  ( 6.8%) 
leaffaces             8373/65536       16746/131072   (12.8%) 
leafbrushes           4064/65536        8128/131072   ( 6.2%) 
areas                    2/1024           16/8192     ( 0.2%) 
surfedges            62167/512000     248668/2048000  (12.1%) 
edges                41482/256000     165928/1024000  (16.2%) 
LDR worldlights         37/8192         3700/819200   ( 0.5%) 
HDR worldlights          0/8192            0/819200   ( 0.0%) 
leafwaterdata            3/32768          36/393216   ( 0.0%) 
waterstrips           1218/32768       12180/327680   ( 3.7%) 
waterverts               0/65536           0/786432   ( 0.0%) 
waterindices         25446/65536       50892/131072   (38.8%) 
cubemapsamples           7/1024          112/16384    ( 0.7%) 
overlays                67/1024        23584/360448   ( 6.5%) 
LDR lightdata         [variable]     7044156/0        ( 0.0%) 
HDR lightdata         [variable]           0/0        ( 0.0%) 
visdata               [variable]     1202424/16777216 ( 7.2%) 
entdata               [variable]       13736/393216   ( 3.5%) 
LDR ambient table     4452/65536       17808/262144   ( 6.8%) 
HDR ambient table     4452/65536       17808/262144   ( 6.8%) 
LDR leaf ambient     24159/65536      676452/1835008  (36.9%) 
HDR leaf ambient      4452/65536      124656/1835008  ( 6.8%) 
occluders                0/0               0/0        ( 0.0%) 
occluder polygons        0/0               0/0        ( 0.0%) 
occluder vert ind        0/0               0/0        ( 0.0%) 
detail props          [variable]           1/12       ( 8.3%) 
static props          [variable]           1/218956   ( 0.0%) 
pakfile               [variable]    25163727/0        ( 0.0%) 
physics               [variable]      734025/4194304  (17.5%) 
physics terrain       [variable]       66915/1048576  ( 6.4%) 

Level flags = 7d

Total triangle count: 24152
Writing c:\program files (x86)\steam\steamapps\common\counter-strike global offensive\sdk_content\maps\de_gust.bsp
MSG_FILEWRITE - Filesystem was asked to write to 'c:\program files (x86)\steam\steamapps\common\counter-strike global offensive\sdk_content\maps\de_gust.bsp', but we don't own that location. Allowing...
7 minutes, 3 seconds elapsed
